This is pdfTeX, Version 3.14159265-2.6-1.40.19 (MiKTeX 2.9.6840 64-bit) (preloaded format=latex 2018.11.28)  8 FEB 2021 16:16
entering extended mode
**./style/paper.tex
(style/paper.tex
LaTeX2e <2018-04-01> patch level 5
("C:\Users\morri\AppData\Local\Programs\MiKTeX 2.9\tex\latex\base\article.cls"
Document Class: article 2014/09/29 v1.4h Standard LaTeX document class
("C:\Users\morri\AppData\Local\Programs\MiKTeX 2.9\tex\latex\base\size10.clo"
File: size10.clo 2014/09/29 v1.4h Standard LaTeX file (size option)
)
\c@part=\count80
\c@section=\count81
\c@subsection=\count82
\c@subsubsection=\count83
\c@paragraph=\count84
\c@subparagraph=\count85
\c@figure=\count86
\c@table=\count87
\abovecaptionskip=\skip41
\belowcaptionskip=\skip42
\bibindent=\dimen102
)

! LaTeX Error: File `style/conference.sty' not found.

Type X to quit or <RETURN> to proceed,
or enter new name. (Default extension: sty)

Enter file name: 
! Undefined control sequence.
\GenericError  ...                                
                                                    #4  \errhelp \@err@     ...
l.5 \usepackage
               {opensans}
? 
! Emergency stop.
\GenericError  ...                                
                                                    #4  \errhelp \@err@     ...
l.5 \usepackage
               {opensans}
End of file on the terminal!

 
Here is how much of TeX's memory you used:
 204 strings out of 492971
 2350 string characters out of 3126619
 59067 words of memory out of 3000000
 4165 multiletter control sequences out of 15000+200000
 3640 words of font info for 14 fonts, out of 3000000 for 9000
 1141 hyphenation exceptions out of 8191
 23i,0n,17p,121b,36s stack positions out of 5000i,500n,10000p,200000b,50000s
No pages of output.
